<?xml version="1.0" encoding="UTF-8"?>
<!-- Generated by org.testng.reporters.JUnitXMLReporter -->
<testsuite ignored="18" hostname="LTIN192705" failures="1" tests="1" name="Test(failed)" time="18.207" errors="0" timestamp="2024-03-01T15:07:32 IST">
  <testcase classname="Test_Cases.Finding_Hospitals" name="Verify_ResultMsg" time="10.153">
    <failure type="java.lang.AssertionError" message="null">
      <![CDATA[java.lang.AssertionError: null
at Test_Cases.Finding_Hospitals.Verify_ResultMsg(Finding_Hospitals.java:348)
at java.base/java.util.ArrayList.forEach(ArrayList.java:1511)
... Removed 29 stack frames]]>
    </failure>
  </testcase> <!-- Verify_ResultMsg -->
  <testcase classname="Test_Cases.Finding_Hospitals" name="Search_City" time="0.0">
    <ignored/>
  </testcase> <!-- Search_City -->
  <testcase classname="Test_Cases.Finding_Hospitals" name="sugeryNames" time="0.0">
    <ignored/>
  </testcase> <!-- sugeryNames -->
  <testcase classname="Test_Cases.Finding_Hospitals" name="ScrollToSurgeries" time="0.0">
    <ignored/>
  </testcase> <!-- ScrollToSurgeries -->
  <testcase classname="Test_Cases.Finding_Hospitals" name="Search_Dentists" time="0.0">
    <ignored/>
  </testcase> <!-- Search_Dentists -->
  <testcase classname="Test_Cases.Finding_Hospitals" name="get_DoctorDetails" time="0.0">
    <ignored/>
  </testcase> <!-- get_DoctorDetails -->
  <testcase classname="Test_Cases.Finding_Hospitals" name="verifyDemoBtn_1" time="0.0">
    <ignored/>
  </testcase> <!-- verifyDemoBtn_1 -->
  <testcase classname="Test_Cases.Finding_Hospitals" name="select_Experience" time="0.0">
    <ignored/>
  </testcase> <!-- select_Experience -->
  <testcase classname="Test_Cases.Finding_Hospitals" name="verifyDemoBtn_2" time="0.0">
    <ignored/>
  </testcase> <!-- verifyDemoBtn_2 -->
  <testcase classname="Test_Cases.Finding_Hospitals" name="navigatioToHealth_Page" time="0.0">
    <ignored/>
  </testcase> <!-- navigatioToHealth_Page -->
  <testcase classname="Test_Cases.Finding_Hospitals" name="scrollToDemoBtn" time="0.0">
    <ignored/>
  </testcase> <!-- scrollToDemoBtn -->
  <testcase classname="Test_Cases.Finding_Hospitals" name="navigateToSurgeries" time="0.0">
    <ignored/>
  </testcase> <!-- navigateToSurgeries -->
  <testcase classname="Test_Cases.Finding_Hospitals" name="ClickDemoBtn" time="0.0">
    <ignored/>
  </testcase> <!-- ClickDemoBtn -->
  <testcase classname="Test_Cases.Finding_Hospitals" name="applyFilters_2" time="0.0">
    <ignored/>
  </testcase> <!-- applyFilters_2 -->
  <testcase classname="Test_Cases.Finding_Hospitals" name="ClearingData" time="0.0">
    <ignored/>
  </testcase> <!-- ClearingData -->
  <testcase classname="Test_Cases.Finding_Hospitals" name="select_PatientStories" time="0.0">
    <ignored/>
  </testcase> <!-- select_PatientStories -->
  <testcase classname="Test_Cases.Finding_Hospitals" name="applyFilters_1" time="0.0">
    <ignored/>
  </testcase> <!-- applyFilters_1 -->
  <testcase classname="Test_Cases.Finding_Hospitals" name="ScrollToTop" time="0.0">
    <ignored/>
  </testcase> <!-- ScrollToTop -->
  <testcase classname="Test_Cases.Finding_Hospitals" name="applyFilters" time="0.0">
    <ignored/>
  </testcase> <!-- applyFilters -->
</testsuite> <!-- Test(failed) -->
