<?xml version="1.0" encoding="UTF-8"?>
<testng-results ignored="0" total="19" passed="18" failed="1" skipped="0">
  <reporter-output>
  </reporter-output>
  <suite started-at="2024-02-28T18:01:34 IST" name="Suite" finished-at="2024-02-28T18:08:22 IST" duration-ms="407993">
    <groups>
      <group name="smoke">
        <method signature="Finding_Hospitals.Search_City()[pri:0, instance:Test_Cases.Finding_Hospitals@1fa121e2]" name="Search_City" class="Test_Cases.Finding_Hospitals"/>
        <method signature="Finding_Hospitals.get_DoctorDetails()[pri:7, instance:Test_Cases.Finding_Hospitals@1fa121e2]" name="get_DoctorDetails" class="Test_Cases.Finding_Hospitals"/>
        <method signature="Finding_Hospitals.ClickDemoBtn()[pri:15, instance:Test_Cases.Finding_Hospitals@1fa121e2]" name="ClickDemoBtn" class="Test_Cases.Finding_Hospitals"/>
        <method signature="Finding_Hospitals.verifyDemoBtn_2()[pri:18, instance:Test_Cases.Finding_Hospitals@1fa121e2]" name="verifyDemoBtn_2" class="Test_Cases.Finding_Hospitals"/>
      </group> <!-- smoke -->
      <group name="regression_1">
        <method signature="Finding_Hospitals.Search_Dentists()[pri:1, instance:Test_Cases.Finding_Hospitals@1fa121e2]" name="Search_Dentists" class="Test_Cases.Finding_Hospitals"/>
        <method signature="Finding_Hospitals.navigateToSurgeries()[pri:8, instance:Test_Cases.Finding_Hospitals@1fa121e2]" name="navigateToSurgeries" class="Test_Cases.Finding_Hospitals"/>
        <method signature="Finding_Hospitals.sugeryNames()[pri:10, instance:Test_Cases.Finding_Hospitals@1fa121e2]" name="sugeryNames" class="Test_Cases.Finding_Hospitals"/>
        <method signature="Finding_Hospitals.navigatioToHealth_Page()[pri:12, instance:Test_Cases.Finding_Hospitals@1fa121e2]" name="navigatioToHealth_Page" class="Test_Cases.Finding_Hospitals"/>
        <method signature="Finding_Hospitals.verifyDemoBtn_1()[pri:14, instance:Test_Cases.Finding_Hospitals@1fa121e2]" name="verifyDemoBtn_1" class="Test_Cases.Finding_Hospitals"/>
      </group> <!-- regression_1 -->
      <group name="regression_2">
        <method signature="Finding_Hospitals.select_PatientStories()[pri:2, instance:Test_Cases.Finding_Hospitals@1fa121e2]" name="select_PatientStories" class="Test_Cases.Finding_Hospitals"/>
        <method signature="Finding_Hospitals.select_Experience()[pri:3, instance:Test_Cases.Finding_Hospitals@1fa121e2]" name="select_Experience" class="Test_Cases.Finding_Hospitals"/>
        <method signature="Finding_Hospitals.applyFilters()[pri:4, instance:Test_Cases.Finding_Hospitals@1fa121e2]" name="applyFilters" class="Test_Cases.Finding_Hospitals"/>
        <method signature="Finding_Hospitals.applyFilters_1()[pri:5, instance:Test_Cases.Finding_Hospitals@1fa121e2]" name="applyFilters_1" class="Test_Cases.Finding_Hospitals"/>
        <method signature="Finding_Hospitals.applyFilters_2()[pri:6, instance:Test_Cases.Finding_Hospitals@1fa121e2]" name="applyFilters_2" class="Test_Cases.Finding_Hospitals"/>
        <method signature="Finding_Hospitals.ScrollToSurgeries()[pri:9, instance:Test_Cases.Finding_Hospitals@1fa121e2]" name="ScrollToSurgeries" class="Test_Cases.Finding_Hospitals"/>
        <method signature="Finding_Hospitals.ScrollToTop()[pri:11, instance:Test_Cases.Finding_Hospitals@1fa121e2]" name="ScrollToTop" class="Test_Cases.Finding_Hospitals"/>
        <method signature="Finding_Hospitals.scrollToDemoBtn()[pri:13, instance:Test_Cases.Finding_Hospitals@1fa121e2]" name="scrollToDemoBtn" class="Test_Cases.Finding_Hospitals"/>
        <method signature="Finding_Hospitals.ClearingData()[pri:17, instance:Test_Cases.Finding_Hospitals@1fa121e2]" name="ClearingData" class="Test_Cases.Finding_Hospitals"/>
        <method signature="Finding_Hospitals.Verify_ResultMsg()[pri:19, instance:Test_Cases.Finding_Hospitals@1fa121e2]" name="Verify_ResultMsg" class="Test_Cases.Finding_Hospitals"/>
      </group> <!-- regression_2 -->
    </groups>
    <test started-at="2024-02-28T18:01:34 IST" name="Test" finished-at="2024-02-28T18:08:22 IST" duration-ms="407993">
      <class name="Test_Cases.Finding_Hospitals">
        <test-method is-config="true" signature="Setup_Browser(java.lang.String)[pri:0, instance:Test_Cases.Finding_Hospitals@1fa121e2]" started-at="2024-02-28T18:01:34 IST" name="Setup_Browser" finished-at="2024-02-28T18:02:10 IST" duration-ms="35727" status="PASS">
          <params>
            <param index="0">
              <value>
                <![CDATA[chrome]]>
              </value>
            </param>
          </params>
          <reporter-output>
          </reporter-output>
        </test-method> <!-- Setup_Browser -->
        <test-method signature="Search_City()[pri:0, instance:Test_Cases.Finding_Hospitals@1fa121e2]" started-at="2024-02-28T18:02:10 IST" name="Search_City" finished-at="2024-02-28T18:02:21 IST" duration-ms="11171" status="PASS">
          <reporter-output>
          </reporter-output>
        </test-method> <!-- Search_City -->
        <test-method signature="Search_Dentists()[pri:1, instance:Test_Cases.Finding_Hospitals@1fa121e2]" started-at="2024-02-28T18:02:22 IST" name="Search_Dentists" finished-at="2024-02-28T18:02:48 IST" duration-ms="26298" status="PASS">
          <reporter-output>
          </reporter-output>
        </test-method> <!-- Search_Dentists -->
        <test-method signature="select_PatientStories()[pri:2, instance:Test_Cases.Finding_Hospitals@1fa121e2]" started-at="2024-02-28T18:02:49 IST" name="select_PatientStories" finished-at="2024-02-28T18:02:51 IST" duration-ms="2688" status="PASS">
          <reporter-output>
          </reporter-output>
        </test-method> <!-- select_PatientStories -->
        <test-method signature="select_Experience()[pri:3, instance:Test_Cases.Finding_Hospitals@1fa121e2]" started-at="2024-02-28T18:03:48 IST" name="select_Experience" finished-at="2024-02-28T18:03:50 IST" duration-ms="2496" status="PASS">
          <reporter-output>
          </reporter-output>
        </test-method> <!-- select_Experience -->
        <test-method signature="applyFilters()[pri:4, instance:Test_Cases.Finding_Hospitals@1fa121e2]" started-at="2024-02-28T18:04:13 IST" name="applyFilters" finished-at="2024-02-28T18:04:16 IST" duration-ms="2455" status="PASS">
          <reporter-output>
          </reporter-output>
        </test-method> <!-- applyFilters -->
        <test-method signature="applyFilters_1()[pri:5, instance:Test_Cases.Finding_Hospitals@1fa121e2]" started-at="2024-02-28T18:04:39 IST" name="applyFilters_1" finished-at="2024-02-28T18:04:42 IST" duration-ms="2816" status="PASS">
          <reporter-output>
          </reporter-output>
        </test-method> <!-- applyFilters_1 -->
        <test-method signature="applyFilters_2()[pri:6, instance:Test_Cases.Finding_Hospitals@1fa121e2]" started-at="2024-02-28T18:04:44 IST" name="applyFilters_2" finished-at="2024-02-28T18:04:48 IST" duration-ms="4437" status="PASS">
          <reporter-output>
          </reporter-output>
        </test-method> <!-- applyFilters_2 -->
        <test-method signature="get_DoctorDetails()[pri:7, instance:Test_Cases.Finding_Hospitals@1fa121e2]" started-at="2024-02-28T18:04:49 IST" name="get_DoctorDetails" finished-at="2024-02-28T18:06:18 IST" duration-ms="88958" status="PASS">
          <reporter-output>
          </reporter-output>
        </test-method> <!-- get_DoctorDetails -->
        <test-method signature="navigateToSurgeries()[pri:8, instance:Test_Cases.Finding_Hospitals@1fa121e2]" started-at="2024-02-28T18:06:18 IST" name="navigateToSurgeries" finished-at="2024-02-28T18:06:20 IST" duration-ms="2175" status="PASS">
          <reporter-output>
          </reporter-output>
        </test-method> <!-- navigateToSurgeries -->
        <test-method signature="ScrollToSurgeries()[pri:9, instance:Test_Cases.Finding_Hospitals@1fa121e2]" started-at="2024-02-28T18:06:21 IST" name="ScrollToSurgeries" finished-at="2024-02-28T18:06:21 IST" duration-ms="43" status="PASS">
          <reporter-output>
          </reporter-output>
        </test-method> <!-- ScrollToSurgeries -->
        <test-method signature="sugeryNames()[pri:10, instance:Test_Cases.Finding_Hospitals@1fa121e2]" started-at="2024-02-28T18:06:22 IST" name="sugeryNames" finished-at="2024-02-28T18:06:24 IST" duration-ms="1929" status="PASS">
          <reporter-output>
          </reporter-output>
        </test-method> <!-- sugeryNames -->
        <test-method signature="ScrollToTop()[pri:11, instance:Test_Cases.Finding_Hospitals@1fa121e2]" started-at="2024-02-28T18:06:24 IST" name="ScrollToTop" finished-at="2024-02-28T18:06:24 IST" duration-ms="52" status="PASS">
          <reporter-output>
          </reporter-output>
        </test-method> <!-- ScrollToTop -->
        <test-method signature="navigatioToHealth_Page()[pri:12, instance:Test_Cases.Finding_Hospitals@1fa121e2]" started-at="2024-02-28T18:06:25 IST" name="navigatioToHealth_Page" finished-at="2024-02-28T18:06:48 IST" duration-ms="23552" status="PASS">
          <reporter-output>
          </reporter-output>
        </test-method> <!-- navigatioToHealth_Page -->
        <test-method signature="scrollToDemoBtn()[pri:13, instance:Test_Cases.Finding_Hospitals@1fa121e2]" started-at="2024-02-28T18:06:49 IST" name="scrollToDemoBtn" finished-at="2024-02-28T18:06:49 IST" duration-ms="202" status="PASS">
          <reporter-output>
          </reporter-output>
        </test-method> <!-- scrollToDemoBtn -->
        <test-method signature="verifyDemoBtn_1()[pri:14, instance:Test_Cases.Finding_Hospitals@1fa121e2]" started-at="2024-02-28T18:06:49 IST" name="verifyDemoBtn_1" finished-at="2024-02-28T18:06:50 IST" duration-ms="1249" status="PASS">
          <reporter-output>
          </reporter-output>
        </test-method> <!-- verifyDemoBtn_1 -->
        <test-method signature="ClickDemoBtn()[pri:15, instance:Test_Cases.Finding_Hospitals@1fa121e2]" started-at="2024-02-28T18:06:51 IST" name="ClickDemoBtn" finished-at="2024-02-28T18:06:51 IST" duration-ms="210" status="PASS">
          <reporter-output>
          </reporter-output>
        </test-method> <!-- ClickDemoBtn -->
        <test-method signature="ClearingData()[pri:17, instance:Test_Cases.Finding_Hospitals@1fa121e2]" started-at="2024-02-28T18:06:52 IST" name="ClearingData" finished-at="2024-02-28T18:06:52 IST" duration-ms="606" status="PASS">
          <reporter-output>
          </reporter-output>
        </test-method> <!-- ClearingData -->
        <test-method signature="verifyDemoBtn_2()[pri:18, instance:Test_Cases.Finding_Hospitals@1fa121e2]" started-at="2024-02-28T18:06:53 IST" name="verifyDemoBtn_2" finished-at="2024-02-28T18:06:57 IST" duration-ms="4436" status="PASS">
          <reporter-output>
          </reporter-output>
        </test-method> <!-- verifyDemoBtn_2 -->
        <test-method signature="Verify_ResultMsg()[pri:19, instance:Test_Cases.Finding_Hospitals@1fa121e2]" started-at="2024-02-28T18:06:58 IST" name="Verify_ResultMsg" finished-at="2024-02-28T18:08:21 IST" duration-ms="83467" status="FAIL">
          <exception class="java.lang.AssertionError">
            <message>
              <![CDATA[null]]>
            </message>
            <full-stacktrace>
              <![CDATA[java.lang.AssertionError: null
at org.testng.Assert.fail(Assert.java:111)
at org.testng.Assert.fail(Assert.java:116)
at Test_Cases.Finding_Hospitals.Verify_ResultMsg(Finding_Hospitals.java:348)
at java.base/jdk.internal.reflect.NativeMethodAccessorImpl.invoke0(Native Method)
at java.base/jdk.internal.reflect.NativeMethodAccessorImpl.invoke(NativeMethodAccessorImpl.java:77)
at java.base/jdk.internal.reflect.DelegatingMethodAccessorImpl.invoke(DelegatingMethodAccessorImpl.java:43)
at java.base/java.lang.reflect.Method.invoke(Method.java:568)
at org.testng.internal.invokers.MethodInvocationHelper.invokeMethod(MethodInvocationHelper.java:139)
at org.testng.internal.invokers.TestInvoker.invokeMethod(TestInvoker.java:664)
at org.testng.internal.invokers.TestInvoker.invokeTestMethod(TestInvoker.java:228)
at org.testng.internal.invokers.MethodRunner.runInSequence(MethodRunner.java:63)
at org.testng.internal.invokers.TestInvoker$MethodInvocationAgent.invoke(TestInvoker.java:961)
at org.testng.internal.invokers.TestInvoker.invokeTestMethods(TestInvoker.java:201)
at org.testng.internal.invokers.TestMethodWorker.invokeTestMethods(TestMethodWorker.java:148)
at org.testng.internal.invokers.TestMethodWorker.run(TestMethodWorker.java:128)
at java.base/java.util.ArrayList.forEach(ArrayList.java:1511)
at org.testng.TestRunner.privateRun(TestRunner.java:819)
at org.testng.TestRunner.run(TestRunner.java:619)
at org.testng.SuiteRunner.runTest(SuiteRunner.java:443)
at org.testng.SuiteRunner.runSequentially(SuiteRunner.java:437)
at org.testng.SuiteRunner.privateRun(SuiteRunner.java:397)
at org.testng.SuiteRunner.run(SuiteRunner.java:336)
at org.testng.SuiteRunnerWorker.runSuite(SuiteRunnerWorker.java:52)
at org.testng.SuiteRunnerWorker.run(SuiteRunnerWorker.java:95)
at org.testng.TestNG.runSuitesSequentially(TestNG.java:1301)
at org.testng.TestNG.runSuitesLocally(TestNG.java:1228)
at org.testng.TestNG.runSuites(TestNG.java:1134)
at org.testng.TestNG.run(TestNG.java:1101)
at org.testng.remote.AbstractRemoteTestNG.run(AbstractRemoteTestNG.java:115)
at org.testng.remote.RemoteTestNG.initAndRun(RemoteTestNG.java:251)
at org.testng.remote.RemoteTestNG.main(RemoteTestNG.java:77)
]]>
            </full-stacktrace>
          </exception> <!-- java.lang.AssertionError -->
          <reporter-output>
          </reporter-output>
        </test-method> <!-- Verify_ResultMsg -->
      </class> <!-- Test_Cases.Finding_Hospitals -->
    </test> <!-- Test -->
  </suite> <!-- Suite -->
</testng-results>
